# JRE version: Java(TM) SE Runtime Environment (8.0-b132) (build 1.8.0-b132)
# Java VM: Java HotSpot(TM) 64-Bit Server VM (25.0-b70 mixed mode linux-amd64 compressed oops)
Heap:
 PSYoungGen      total 450560K, used 160K [0x00000000d7000000, 0x00000000f2b00000, 0x0000000100000000)
  eden space 449536K, 0% used [0x00000000d7000000,0x00000000d7000000,0x00000000f2700000)
  from space 1024K, 15% used [0x00000000f2900000,0x00000000f2928000,0x00000000f2a00000)
  to   space 512K, 0% used [0x00000000f2a80000,0x00000000f2a80000,0x00000000f2b00000)
 ParOldGen       total 9728K, used 7349K [0x0000000085000000, 0x0000000085980000, 0x00000000d7000000)
  object space 9728K, 75% used [0x0000000085000000,0x000000008572d5a8,0x0000000085980000)
 Metaspace       used 21467K, capacity 21598K, committed 21760K, reserved 1069056K
  class space    used 2481K, capacity 2519K, committed 2560K, reserved 1048576K
GC Heap History (10 events):
Event: 5.019 GC heap after
Heap after GC invocations=45 (full 1):
 PSYoungGen      total 390656K, used 192K [0x00000000d7000000, 0x00000000ef000000, 0x0000000100000000)
  eden space 390144K, 0% used [0x00000000d7000000,0x00000000d7000000,0x00000000eed00000)
  from space 512K, 37% used [0x00000000eef80000,0x00000000eefb0000,0x00000000ef000000)
  to   space 1024K, 0% used [0x00000000eee00000,0x00000000eee00000,0x00000000eef00000)
 ParOldGen       total 9728K, used 7341K [0x0000000085000000, 0x0000000085980000, 0x00000000d7000000)
  object space 9728K, 75% used [0x0000000085000000,0x000000008572b5a8,0x0000000085980000)
 Metaspace       used 21434K, capacity 21598K, committed 21760K, reserved 1069056K
  class space    used 2481K, capacity 2519K, committed 2560K, reserved 1048576K
}
Event: 5.196 GC heap before
{Heap before GC invocations=46 (full 1):
 PSYoungGen      total 390656K, used 390336K [0x00000000d7000000, 0x00000000ef000000, 0x0000000100000000)
  eden space 390144K, 100% used [0x00000000d7000000,0x00000000eed00000,0x00000000eed00000)
  from space 512K, 37% used [0x00000000eef80000,0x00000000eefb0000,0x00000000ef000000)
  to   space 1024K, 0% used [0x00000000eee00000,0x00000000eee00000,0x00000000eef00000)
 ParOldGen       total 9728K, used 7341K [0x0000000085000000, 0x0000000085980000, 0x00000000d7000000)
  object space 9728K, 75% used [0x0000000085000000,0x000000008572b5a8,0x0000000085980000)
 Metaspace       used 21444K, capacity 21598K, committed 21760K, reserved 1069056K
  class space    used 2481K, capacity 2519K, committed 2560K, reserved 1048576K
Event: 5.198 GC heap after
Heap after GC invocations=46 (full 1):
 PSYoungGen      total 392192K, used 64K [0x00000000d7000000, 0x00000000f0e80000, 0x0000000100000000)
  eden space 391168K, 0% used [0x00000000d7000000,0x00000000d7000000,0x00000000eee00000)
  from space 1024K, 6% used [0x00000000eee00000,0x00000000eee10000,0x00000000eef00000)
  to   space 1024K, 0% used [0x00000000f0d80000,0x00000000f0d80000,0x00000000f0e80000)
 ParOldGen       total 9728K, used 7341K [0x0000000085000000, 0x0000000085980000, 0x00000000d7000000)
  object space 9728K, 75% used [0x0000000085000000,0x000000008572b5a8,0x0000000085980000)
 Metaspace       used 21444K, capacity 21598K, committed 21760K, reserved 1069056K
  class space    used 2481K, capacity 2519K, committed 2560K, reserved 1048576K
}
Event: 5.390 GC heap before
{Heap before GC invocations=47 (full 1):
 PSYoungGen      total 392192K, used 391232K [0x00000000d7000000, 0x00000000f0e80000, 0x0000000100000000)
  eden space 391168K, 100% used [0x00000000d7000000,0x00000000eee00000,0x00000000eee00000)
  from space 1024K, 6% used [0x00000000eee00000,0x00000000eee10000,0x00000000eef00000)
  to   space 1024K, 0% used [0x00000000f0d80000,0x00000000f0d80000,0x00000000f0e80000)
 ParOldGen       total 9728K, used 7341K [0x0000000085000000, 0x0000000085980000, 0x00000000d7000000)
  object space 9728K, 75% used [0x0000000085000000,0x000000008572b5a8,0x0000000085980000)
 Metaspace       used 21450K, capacity 21598K, committed 21760K, reserved 1069056K
  class space    used 2481K, capacity 2519K, committed 2560K, reserved 1048576K
Event: 5.392 GC heap after
Heap after GC invocations=47 (full 1):
 PSYoungGen      total 423424K, used 192K [0x00000000d7000000, 0x00000000f0e80000, 0x0000000100000000)
  eden space 422400K, 0% used [0x00000000d7000000,0x00000000d7000000,0x00000000f0c80000)
  from space 1024K, 18% used [0x00000000f0d80000,0x00000000f0db0000,0x00000000f0e80000)
  to   space 1024K, 0% used [0x00000000f0c80000,0x00000000f0c80000,0x00000000f0d80000)
 ParOldGen       total 9728K, used 7341K [0x0000000085000000, 0x0000000085980000, 0x00000000d7000000)
  object space 9728K, 75% used [0x0000000085000000,0x000000008572b5a8,0x0000000085980000)
 Metaspace       used 21450K, capacity 21598K, committed 21760K, reserved 1069056K
  class space    used 2481K, capacity 2519K, committed 2560K, reserved 1048576K
}
Event: 5.607 GC heap before
{Heap before GC invocations=48 (full 1):
 PSYoungGen      total 423424K, used 422592K [0x00000000d7000000, 0x00000000f0e80000, 0x0000000100000000)
  eden space 422400K, 100% used [0x00000000d7000000,0x00000000f0c80000,0x00000000f0c80000)
  from space 1024K, 18% used [0x00000000f0d80000,0x00000000f0db0000,0x00000000f0e80000)
  to   space 1024K, 0% used [0x00000000f0c80000,0x00000000f0c80000,0x00000000f0d80000)
 ParOldGen       total 9728K, used 7341K [0x0000000085000000, 0x0000000085980000, 0x00000000d7000000)
  object space 9728K, 75% used [0x0000000085000000,0x000000008572b5a8,0x0000000085980000)
 Metaspace       used 21464K, capacity 21598K, committed 21760K, reserved 1069056K
  class space    used 2481K, capacity 2519K, committed 2560K, reserved 1048576K
Event: 5.608 GC heap after
Heap after GC invocations=48 (full 1):
 PSYoungGen      total 423424K, used 160K [0x00000000d7000000, 0x00000000f2b80000, 0x0000000100000000)
  eden space 422400K, 0% used [0x00000000d7000000,0x00000000d7000000,0x00000000f0c80000)
  from space 1024K, 15% used [0x00000000f0c80000,0x00000000f0ca8000,0x00000000f0d80000)
  to   space 1024K, 0% used [0x00000000f2a80000,0x00000000f2a80000,0x00000000f2b80000)
 ParOldGen       total 9728K, used 7341K [0x0000000085000000, 0x0000000085980000, 0x00000000d7000000)
  object space 9728K, 75% used [0x0000000085000000,0x000000008572b5a8,0x0000000085980000)
 Metaspace       used 21464K, capacity 21598K, committed 21760K, reserved 1069056K
  class space    used 2481K, capacity 2519K, committed 2560K, reserved 1048576K
}
Event: 5.796 GC heap before
{Heap before GC invocations=49 (full 1):
 PSYoungGen      total 423424K, used 422560K [0x00000000d7000000, 0x00000000f2b80000, 0x0000000100000000)
  eden space 422400K, 100% used [0x00000000d7000000,0x00000000f0c80000,0x00000000f0c80000)
  from space 1024K, 15% used [0x00000000f0c80000,0x00000000f0ca8000,0x00000000f0d80000)
  to   space 1024K, 0% used [0x00000000f2a80000,0x00000000f2a80000,0x00000000f2b80000)
 ParOldGen       total 9728K, used 7341K [0x0000000085000000, 0x0000000085980000, 0x00000000d7000000)
  object space 9728K, 75% used [0x0000000085000000,0x000000008572b5a8,0x0000000085980000)
 Metaspace       used 21467K, capacity 21598K, committed 21760K, reserved 1069056K
  class space    used 2481K, capacity 2519K, committed 2560K, reserved 1048576K
Event: 5.797 GC heap after
Heap after GC invocations=49 (full 1):
 PSYoungGen      total 450048K, used 224K [0x00000000d7000000, 0x00000000f2b00000, 0x0000000100000000)
  eden space 449536K, 0% used [0x00000000d7000000,0x00000000d7000000,0x00000000f2700000)
  from space 512K, 43% used [0x00000000f2a80000,0x00000000f2ab8000,0x00000000f2b00000)
  to   space 1024K, 0% used [0x00000000f2900000,0x00000000f2900000,0x00000000f2a00000)
 ParOldGen       total 9728K, used 7349K [0x0000000085000000, 0x0000000085980000, 0x00000000d7000000)
  object space 9728K, 75% used [0x0000000085000000,0x000000008572d5a8,0x0000000085980000)
 Metaspace       used 21467K, capacity 21598K, committed 21760K, reserved 1069056K
  class space    used 2481K, capacity 2519K, committed 2560K, reserved 1048576K
}
Event: 6.028 GC heap before
{Heap before GC invocations=50 (full 1):
 PSYoungGen      total 450048K, used 449760K [0x00000000d7000000, 0x00000000f2b00000, 0x0000000100000000)
  eden space 449536K, 100% used [0x00000000d7000000,0x00000000f2700000,0x00000000f2700000)
  from space 512K, 43% used [0x00000000f2a80000,0x00000000f2ab8000,0x00000000f2b00000)
  to   space 1024K, 0% used [0x00000000f2900000,0x00000000f2900000,0x00000000f2a00000)
 ParOldGen       total 9728K, used 7349K [0x0000000085000000, 0x0000000085980000, 0x00000000d7000000)
  object space 9728K, 75% used [0x0000000085000000,0x000000008572d5a8,0x0000000085980000)
 Metaspace       used 21467K, capacity 21598K, committed 21760K, reserved 1069056K
  class space    used 2481K, capacity 2519K, committed 2560K, reserved 1048576K

